0 info it worked if it ends with ok
1 verbose cli [ '/usr/local/bin/node',
1 verbose cli   '/usr/local/bin/npm',
1 verbose cli   'install',
1 verbose cli   '-g',
1 verbose cli   'cordova' ]
2 info using npm@2.15.8
3 info using node@v4.4.7
4 verbose install initial load of /usr/local/lib/package.json
5 verbose readDependencies loading dependencies from /usr/local/lib/package.json
6 silly cache add args [ 'cordova', null ]
7 verbose cache add spec cordova
8 silly cache add parsed spec Result {
8 silly cache add   raw: 'cordova',
8 silly cache add   scope: null,
8 silly cache add   name: 'cordova',
8 silly cache add   rawSpec: '',
8 silly cache add   spec: 'latest',
8 silly cache add   type: 'tag' }
9 silly addNamed cordova@latest
10 verbose addNamed "latest" is being treated as a dist-tag for cordova
11 info addNameTag [ 'cordova', 'latest' ]
12 silly mapToRegistry name cordova
13 silly mapToRegistry using default registry
14 silly mapToRegistry registry https://registry.npmjs.org/
15 silly mapToRegistry data Result {
15 silly mapToRegistry   raw: 'cordova',
15 silly mapToRegistry   scope: null,
15 silly mapToRegistry   name: 'cordova',
15 silly mapToRegistry   rawSpec: '',
15 silly mapToRegistry   spec: 'latest',
15 silly mapToRegistry   type: 'tag' }
16 silly mapToRegistry uri https://registry.npmjs.org/cordova
17 verbose addNameTag registry:https://registry.npmjs.org/cordova not in flight; fetching
18 verbose request uri https://registry.npmjs.org/cordova
19 verbose request no auth needed
20 info attempt registry request try #1 at 2:08:54 PM
21 verbose request id 7e9f82ac3ac62699
22 http request GET https://registry.npmjs.org/cordova
23 http 200 https://registry.npmjs.org/cordova
24 verbose headers { server: 'CouchDB/1.5.0 (Erlang OTP/R16B03)',
24 verbose headers   etag: '"9V2P0XK79UN1QB2FBQ37YX3UI"',
24 verbose headers   'content-type': 'application/json',
24 verbose headers   'content-encoding': 'gzip',
24 verbose headers   'cache-control': 'max-age=300',
24 verbose headers   'content-length': '46720',
24 verbose headers   'accept-ranges': 'bytes',
24 verbose headers   date: 'Mon, 15 Aug 2016 06:08:55 GMT',
24 verbose headers   via: '1.1 varnish',
24 verbose headers   age: '257',
24 verbose headers   connection: 'keep-alive',
24 verbose headers   'x-served-by': 'cache-nrt6128-NRT',
24 verbose headers   'x-cache': 'HIT',
24 verbose headers   'x-cache-hits': '1',
24 verbose headers   'x-timer': 'S1471241335.182905,VS0,VE0',
24 verbose headers   vary: 'Accept-Encoding' }
25 silly get cb [ 200,
25 silly get   { server: 'CouchDB/1.5.0 (Erlang OTP/R16B03)',
25 silly get     etag: '"9V2P0XK79UN1QB2FBQ37YX3UI"',
25 silly get     'content-type': 'application/json',
25 silly get     'content-encoding': 'gzip',
25 silly get     'cache-control': 'max-age=300',
25 silly get     'content-length': '46720',
25 silly get     'accept-ranges': 'bytes',
25 silly get     date: 'Mon, 15 Aug 2016 06:08:55 GMT',
25 silly get     via: '1.1 varnish',
25 silly get     age: '257',
25 silly get     connection: 'keep-alive',
25 silly get     'x-served-by': 'cache-nrt6128-NRT',
25 silly get     'x-cache': 'HIT',
25 silly get     'x-cache-hits': '1',
25 silly get     'x-timer': 'S1471241335.182905,VS0,VE0',
25 silly get     vary: 'Accept-Encoding' } ]
26 verbose get saving cordova to /Users/BP/.npm/registry.npmjs.org/cordova/.cache.json
27 verbose correctMkdir /Users/BP/.npm correctMkdir not in flight; initializing
28 silly addNameTag next cb for cordova with tag latest
29 silly addNamed cordova@6.3.0
30 verbose addNamed "6.3.0" is a plain semver version for cordova
31 silly mapToRegistry name cordova
32 silly mapToRegistry using default registry
33 silly mapToRegistry registry https://registry.npmjs.org/
34 silly mapToRegistry data Result {
34 silly mapToRegistry   raw: 'cordova',
34 silly mapToRegistry   scope: null,
34 silly mapToRegistry   name: 'cordova',
34 silly mapToRegistry   rawSpec: '',
34 silly mapToRegistry   spec: 'latest',
34 silly mapToRegistry   type: 'tag' }
35 silly mapToRegistry uri https://registry.npmjs.org/cordova
36 verbose addRemoteTarball https://registry.npmjs.org/cordova/-/cordova-6.3.0.tgz not in flight; adding
37 verbose addRemoteTarball [ 'https://registry.npmjs.org/cordova/-/cordova-6.3.0.tgz',
37 verbose addRemoteTarball   'fe886017d03402b9e8a266c16767059036b6627e' ]
38 info retry fetch attempt 1 at 2:08:55 PM
39 info attempt registry request try #1 at 2:08:55 PM
40 http fetch GET https://registry.npmjs.org/cordova/-/cordova-6.3.0.tgz
41 http fetch 200 https://registry.npmjs.org/cordova/-/cordova-6.3.0.tgz
42 silly fetchAndShaCheck shasum fe886017d03402b9e8a266c16767059036b6627e
43 verbose addTmpTarball /var/folders/wl/67hs5_2s5_3_krnqhql9tt0h0000gn/T/npm-3662-13e5621a/registry.npmjs.org/cordova/-/cordova-6.3.0.tgz not in flight; adding
44 verbose addTmpTarball already have metadata; skipping unpack for cordova@6.3.0
45 verbose correctMkdir /Users/BP/.npm correctMkdir not in flight; initializing
46 silly cache afterAdd cordova@6.3.0
47 verbose afterAdd /Users/BP/.npm/cordova/6.3.0/package/package.json not in flight; writing
48 verbose correctMkdir /Users/BP/.npm correctMkdir not in flight; initializing
49 verbose afterAdd /Users/BP/.npm/cordova/6.3.0/package/package.json written
50 silly install resolved [ { name: 'cordova',
50 silly install resolved     version: '6.3.0',
50 silly install resolved     preferGlobal: 'true',
50 silly install resolved     description: 'Cordova command line interface tool',
50 silly install resolved     main: 'cordova',
50 silly install resolved     engines: { node: '>=0.9.9' },
50 silly install resolved     engineStrict: true,
50 silly install resolved     bin: { cordova: './bin/cordova' },
50 silly install resolved     scripts:
50 silly install resolved      { test: 'node node_modules/jasmine-node/bin/jasmine-node --captureExceptions --color spec',
50 silly install resolved        cover: 'node node_modules/istanbul/lib/cli.js cover --root src --print detail node_modules/jasmine-node/bin/jasmine-node -- spec' },
50 silly install resolved     repository:
50 silly install resolved      { type: 'git',
50 silly install resolved        url: 'https://git-wip-us.apache.org/repos/asf/cordova-cli.git' },
50 silly install resolved     bugs:
50 silly install resolved      { url: 'https://issues.apache.org/jira/browse/CB',
50 silly install resolved        email: 'dev@cordova.apache.org' },
50 silly install resolved     keywords: [ 'cordova', 'client', 'cli' ],
50 silly install resolved     dependencies:
50 silly install resolved      { 'cordova-lib': '6.3.0',
50 silly install resolved        'cordova-common': '1.4.x',
50 silly install resolved        q: '1.0.1',
50 silly install resolved        nopt: '3.0.1',
50 silly install resolved        underscore: '1.7.0',
50 silly install resolved        'update-notifier': '^0.5.0',
50 silly install resolved        insight: '~0.8.2' },
50 silly install resolved     devDependencies:
50 silly install resolved      { istanbul: '^0.3.4',
50 silly install resolved        grunt: '0.4.5',
50 silly install resolved        'grunt-retire': '0.3.7',
50 silly install resolved        'jasmine-node': '1.14.5' },
50 silly install resolved     author: { name: 'Anis Kadri' },
50 silly install resolved     contributors:
50 silly install resolved      [ [Object],
50 silly install resolved        [Object],
50 silly install resolved        [Object],
50 silly install resolved        [Object],
50 silly install resolved        [Object],
50 silly install resolved        [Object],
50 silly install resolved        [Object],
50 silly install resolved        [Object],
50 silly install resolved        [Object],
50 silly install resolved        [Object],
50 silly install resolved        [Object],
50 silly install resolved        [Object],
50 silly install resolved        [Object],
50 silly install resolved        [Object],
50 silly install resolved        [Object],
50 silly install resolved        [Object],
50 silly install resolved        [Object],
50 silly install resolved        [Object],
50 silly install resolved        [Object],
50 silly install resolved        [Object],
50 silly install resolved        [Object],
50 silly install resolved        [Object],
50 silly install resolved        [Object],
50 silly install resolved        [Object] ],
50 silly install resolved     license: 'Apache-2.0',
50 silly install resolved     _id: 'cordova@6.3.0',
50 silly install resolved     _shasum: 'fe886017d03402b9e8a266c16767059036b6627e',
50 silly install resolved     _resolved: 'https://registry.npmjs.org/cordova/-/cordova-6.3.0.tgz',
50 silly install resolved     _from: 'cordova@latest',
50 silly install resolved     _npmVersion: '3.10.5',
50 silly install resolved     _nodeVersion: '6.3.0',
50 silly install resolved     _npmUser:
50 silly install resolved      { name: 'kotikov.vladimir',
50 silly install resolved        email: 'kotikov.vladimir@gmail.com' },
50 silly install resolved     dist:
50 silly install resolved      { shasum: 'fe886017d03402b9e8a266c16767059036b6627e',
50 silly install resolved        tarball: 'https://registry.npmjs.org/cordova/-/cordova-6.3.0.tgz' },
50 silly install resolved     maintainers:
50 silly install resolved      [ [Object],
50 silly install resolved        [Object],
50 silly install resolved        [Object],
50 silly install resolved        [Object],
50 silly install resolved        [Object],
50 silly install resolved        [Object],
50 silly install resolved        [Object],
50 silly install resolved        [Object],
50 silly install resolved        [Object],
50 silly install resolved        [Object],
50 silly install resolved        [Object],
50 silly install resolved        [Object],
50 silly install resolved        [Object],
50 silly install resolved        [Object],
50 silly install resolved        [Object],
50 silly install resolved        [Object],
50 silly install resolved        [Object],
50 silly install resolved        [Object] ],
50 silly install resolved     _npmOperationalInternal:
50 silly install resolved      { host: 'packages-12-west.internal.npmjs.com',
50 silly install resolved        tmp: 'tmp/cordova-6.3.0.tgz_1469123615353_0.8465652170125395' },
50 silly install resolved     directories: {} } ]
51 info install cordova@6.3.0 into /usr/local/lib
52 info installOne cordova@6.3.0
53 verbose installOne of cordova to /usr/local/lib not in flight; installing
54 verbose correctMkdir /Users/BP/.npm/_locks correctMkdir not in flight; initializing
55 verbose lock using /Users/BP/.npm/_locks/cordova-fa12e2e096426a32.lock for /usr/local/lib/node_modules/cordova
56 silly install write writing cordova 6.3.0 to /usr/local/lib/node_modules/cordova
57 verbose unbuild lib/node_modules/cordova
58 silly gentlyRm /usr/local/lib/node_modules/cordova is being purged from base /usr/local
59 verbose gentlyRm don't care about contents; nuking /usr/local/lib/node_modules/cordova
60 verbose tar unpack /Users/BP/.npm/cordova/6.3.0/package.tgz
61 verbose tar unpacking to /usr/local/lib/node_modules/cordova
62 silly gentlyRm /usr/local/lib/node_modules/cordova is being purged
63 verbose gentlyRm don't care about contents; nuking /usr/local/lib/node_modules/cordova
64 silly gunzTarPerm modes [ '755', '644' ]
65 error tar.unpack untar error /Users/BP/.npm/cordova/6.3.0/package.tgz
66 verbose unlock done using /Users/BP/.npm/_locks/cordova-fa12e2e096426a32.lock for /usr/local/lib/node_modules/cordova
67 verbose fstream_path /usr/local/lib/node_modules/cordova
68 verbose fstream_type Directory
69 verbose fstream_class DirWriter
70 verbose stack Error: EACCES: permission denied, mkdir '/usr/local/lib/node_modules/cordova'
70 verbose stack     at Error (native)
71 verbose fstream_stack /usr/local/lib/node_modules/npm/node_modules/fstream/lib/dir-writer.js:35:25
71 verbose fstream_stack /usr/local/lib/node_modules/npm/node_modules/mkdirp/index.js:47:53
71 verbose fstream_stack FSReqWrap.oncomplete (fs.js:82:15)
72 verbose cwd /Users/BP/NetBeansProjects/UnoGameWebApp
73 error Darwin 15.6.0
74 error argv "/usr/local/bin/node" "/usr/local/bin/npm" "install" "-g" "cordova"
75 error node v4.4.7
76 error npm  v2.15.8
77 error path /usr/local/lib/node_modules/cordova
78 error code EACCES
79 error errno -13
80 error syscall mkdir
81 error Error: EACCES: permission denied, mkdir '/usr/local/lib/node_modules/cordova'
81 error     at Error (native)
81 error  { [Error: EACCES: permission denied, mkdir '/usr/local/lib/node_modules/cordova']
81 error   errno: -13,
81 error   code: 'EACCES',
81 error   syscall: 'mkdir',
81 error   path: '/usr/local/lib/node_modules/cordova',
81 error   fstream_type: 'Directory',
81 error   fstream_path: '/usr/local/lib/node_modules/cordova',
81 error   fstream_class: 'DirWriter',
81 error   fstream_stack:
81 error    [ '/usr/local/lib/node_modules/npm/node_modules/fstream/lib/dir-writer.js:35:25',
81 error      '/usr/local/lib/node_modules/npm/node_modules/mkdirp/index.js:47:53',
81 error      'FSReqWrap.oncomplete (fs.js:82:15)' ] }
82 error Please try running this command again as root/Administrator.
83 verbose exit [ -13, true ]
84 verbose unbuild lib/node_modules/cordova
85 silly gentlyRm /usr/local/lib/node_modules/cordova is being purged from base /usr/local
86 verbose gentlyRm don't care about contents; nuking /usr/local/lib/node_modules/cordova
